
> codebanana-web-template@1.0.0 dev
> next dev --turbopack

   ▲ Next.js 15.5.15 (Turbopack)
   - Local:        http://localhost:8002
   - Network:      http://172.17.0.3:8002

 ✓ Starting...
Attention: Next.js now collects completely anonymous telemetry regarding usage.
This information is used to shape Next.js' roadmap and prioritize features.
You can learn more, including how to opt-out if you'd not like to participate in this anonymous program, by visiting the following URL:
https://nextjs.org/telemetry

 ✓ Ready in 3s
 ○ Compiling / ...
 ✓ Compiled / in 6.7s
 GET / 200 in 7421ms
 GET / 200 in 356ms
 ⚠ Cross origin request detected from app-preview-9ecde6a617bff01080211ddd488c615f.codebanana.com to /_next/* resource. In a future major version of Next.js, you will need to explicitly configure "allowedDevOrigins" in next.config to allow this.
Read more: https://nextjs.org/docs/app/api-reference/config/next-config-js/allowedDevOrigins
 ○ Compiling /favicon.ico ...
 ✓ Compiled /favicon.ico in 1224ms
 GET /favicon.ico?favicon.fe8c37cd.ico 200 in 1397ms
 GET /login 200 in 1298ms
